[15-Apr-2022 09:44:31 Asia/Krasnoyarsk] /home/ned/Repos/FileCMS/filecms-website/src/processing.php:10
#0 /home/ned/Repos/FileCMS/filecms-website/public/index.php(14): include()
#1 {main}
[15-Apr-2022 09:44:37 Asia/Krasnoyarsk] /home/ned/Repos/FileCMS/filecms-website/src/processing.php:10
#0 /home/ned/Repos/FileCMS/filecms-website/public/index.php(14): include()
#1 /home/ned/Repos/FileCMS/filecms-website/public/super/index.php(3): require('...')
#2 {main}
[15-Apr-2022 09:44:48 Asia/Krasnoyarsk] /home/ned/Repos/FileCMS/filecms-website/src/processing.php:10
#0 /home/ned/Repos/FileCMS/filecms-website/public/index.php(14): include()
#1 /home/ned/Repos/FileCMS/filecms-website/public/super/index.php(3): require('...')
#2 {main}
[13-Oct-2022 09:28:03 America/Los_Angeles] /home/vagrant/filecms-website/src/processing.php:7
#0 /home/vagrant/filecms-website/public/index.php(14): include()
#1 {main}
[13-Oct-2022 09:28:09 America/Los_Angeles] /home/vagrant/filecms-website/src/processing.php:7
#0 /home/vagrant/filecms-website/public/index.php(14): include()
#1 {main}
[13-Oct-2022 09:28:11 America/Los_Angeles] /home/vagrant/filecms-website/src/processing.php:7
#0 /home/vagrant/filecms-website/public/index.php(14): include()
#1 {main}
[13-Oct-2022 09:28:13 America/Los_Angeles] /home/vagrant/filecms-website/src/processing.php:7
#0 /home/vagrant/filecms-website/public/index.php(14): include()
#1 {main}
[13-Oct-2022 10:09:13 America/Los_Angeles] /home/vagrant/filecms-website/src/processing.php:8
#0 /home/vagrant/filecms-website/public/index.php(14): include()
#1 {main}
[13-Oct-2022 10:10:19 America/Los_Angeles] /home/vagrant/filecms-website/vendor/unlikelysource/filecms-core/src/Common/Image/SingleChar.php:54
#0 /home/vagrant/filecms-website/vendor/unlikelysource/filecms-core/src/Common/Image/Captcha.php(52): FileCMS\Common\Image\SingleChar->__construct()
#1 /home/vagrant/filecms-website/templates/site/contact.phtml(76): FileCMS\Common\Image\Captcha->writeImages()
#2 /home/vagrant/filecms-website/vendor/unlikelysource/filecms-core/src/Common/View/Html.php(251): include('...')
#3 /home/vagrant/filecms-website/vendor/unlikelysource/filecms-core/src/Common/View/Html.php(88): FileCMS\Common\View\Html->runPhpFile()
#4 /home/vagrant/filecms-website/vendor/unlikelysource/filecms-core/src/Common/View/Html.php(51): FileCMS\Common\View\Html->partial()
#5 /home/vagrant/filecms-website/public/index.php(19): FileCMS\Common\View\Html->render()
#6 {main}
